18:18:11  
18:18:11  
18:18:11    ***********************************************
18:18:11    *                 ===========                 *
18:18:11    *                  CARAT 2.0                  *
18:18:11    *                 ===========                 *
18:18:11    *                                             *
18:18:11    *                 SERIAL CODE!                *
18:18:11    *                                             *
18:18:11    *                Version 0.1.0                *
18:18:11    *                                             *
18:18:11    *  Computer Aided Research and Analysis Tool  *
18:18:11    *          (object-oriented version)          *
18:18:11    *        Chair of Structural Analysis,        *
18:18:11    *   Prof. Dr. K.-U. Bletzinger, TU Muenchen   *
18:18:11    ***********************************************
18:18:11  
18:18:11  
18:18:11 Used logging system: RLOG
18:18:11 
18:18:11 This is a RELEASE version of Carat
18:18:11 
18:18:11 --------------------------------------
18:18:11  ... starting Preprocessing
18:18:11 --------------------------------------
18:18:11  
18:18:11 Reading input file: //Mac/Home/Desktop/MPDA/s2/s2_3ways/s2_3ways/foundation_beam_kiwi.txt
18:18:11  
18:18:11 Input file path detected: //Mac/Home/Desktop/MPDA/s2/s2_3ways/s2_3ways
18:18:11 Reading of design nodes finished
18:18:11 Reading of design evaluation points finished
18:18:11 Reading of design elements finished
18:18:11 Reading of design boundaries finished
18:18:11 Reading of design optimization refinement finished
18:18:11 Reading of design elements finished
18:18:11 Reading of design joints finished
18:18:11 Reading of design supports finished
18:18:11 Reading of design loads finished
18:18:11 Reading of design interfaces finished
18:18:11 load design finished
18:18:11 Starting to mesh design elements!
18:18:11 
18:18:11 Finish meshing design elements!
18:18:11 
18:18:11 Starting to mesh design boundary elements!
18:18:11 
18:18:11 Finish meshing design boundary elements!
18:18:11 
18:18:11 Starting to create the elements from DE elements!
18:18:11 
18:18:11 Creating elements from DE elements done!
18:18:11 
18:18:11 Starting to create elements from DE boundary elements!
18:18:11 
18:18:11 Creating elements from DE boundary elements done!
18:18:11 
18:18:11 complete preprocessing done in 0.155000 seconds.
18:18:11  
18:18:11 --------------------------------------
18:18:11  ... starting Solution of problem 1:
18:18:11 --------------------------------------
18:18:11  
18:18:11 AnalysisStaGeoLin: starting static linear analysis.
18:18:11  
18:18:11 Bandwidth reduction started!
18:18:11 Original bandwith  : 379 
18:18:11 Original profile   : 83588 
18:18:11 Using 'CUTHILL_MCKEE' algorithm
18:18:11 Optimized bandwidth  : 67
18:18:11 Optimized profile    : 41774
18:18:11 Bandwith reduction finished in 0.029000 seconds!
18:18:11  
18:18:11 GlobalSparseMatrix: starting dry run
18:18:11 GlobalSparseMatrix: dry run done in 0.042000 seconds.
18:18:11  
18:18:11 AnalysisStaGeoLin: starting assembly stiffness matrix (2688 DOF).
18:18:11 AnalysisStaGeoLin: ... assembling done in 0.352000 seconds.
18:18:11  
18:18:11 AnalysisStaGeoLin: solution startet!
18:18:12 AnalysisStaGeoLin: ... equation solving in 0.128000 seconds.
18:18:12 AnalysisStaGeoLin: solution finished!
18:18:12 
18:18:12 AnalysisStaGeoLin: starting postprocessing!
18:18:12 AnalysisStaGeoLin: ...postprocessing done in 0.262000 seconds.
18:18:12 AnalysisStaGeoLin: static linear analysis finished!
18:18:12  
18:18:12 complete programm execution done in 0 hours, 0 minutes and  1.109000 seconds.
18:18:12  
18:18:12 finishing Carat++ successfully.
18:18:12  
18:18:12 ...Feierabend! 
